I 1 1816396.948460648
E 0 2 0 0.000064276 94796122190016 8
E 0 3 0 0.000068779 94796122190024 8
E 0 4 0 0.000071034 94796122190048 8
E 0 5 0 0.000072994 94796122190056 8
L 1 6 0 0.000080729 94796122190016 8
L 1 7 0 0.000082684 94796122190024 8
L 1 8 0 0.000084167 94796122190048 8
L 1 9 0 0.000085604 94796122190056 8
E 1 10 0 0.000087457 94796122190024 8
E 1 11 0 0.000089000 94796122190048 8
L 2 12 0 0.000329879 94796122190016 8
L 2 13 0 0.000333224 94796122190024 8
L 2 14 0 0.000334757 94796122190048 8
L 2 15 0 0.000336206 94796122190056 8
L 2 16 0 0.000359138 94796122190016 8
L 2 17 0 0.000361599 94796122190024 8
L 2 18 0 0.000373279 94796122190048 8
L 2 19 0 0.000376738 94796122190056 8
F 20 1816396.948891470 0.000430822
